\BOOKMARK [0][-]{chapter.1}{1 Einleitung}{}% 1
\BOOKMARK [1][-]{section.1.1}{1.1 Motivation}{chapter.1}% 2
\BOOKMARK [1][-]{section.1.2}{1.2 Problemstellung}{chapter.1}% 3
\BOOKMARK [1][-]{section.1.3}{1.3 Zielsetzung}{chapter.1}% 4
\BOOKMARK [0][-]{chapter.2}{2 Grundlagen}{}% 5
\BOOKMARK [1][-]{section.2.1}{2.1 Dienst}{chapter.2}% 6
\BOOKMARK [1][-]{section.2.2}{2.2 Web-Dienst}{chapter.2}% 7
\BOOKMARK [1][-]{section.2.3}{2.3 Dienstkomposition}{chapter.2}% 8
\BOOKMARK [0][-]{chapter.3}{3 Middleware}{}% 9
\BOOKMARK [1][-]{section.3.1}{3.1 Requirements Engineering}{chapter.3}% 10
\BOOKMARK [2][-]{subsection.3.1.1}{3.1.1 Umfrage}{section.3.1}% 11
\BOOKMARK [3][-]{subsubsection.3.1.1.1}{3.1.1.1 Aufbau}{subsection.3.1.1}% 12
\BOOKMARK [3][-]{subsubsection.3.1.1.2}{3.1.1.2 Auswertung}{subsection.3.1.1}% 13
\BOOKMARK [2][-]{subsection.3.1.2}{3.1.2 Funktionale Anforderungen}{section.3.1}% 14
\BOOKMARK [2][-]{subsection.3.1.3}{3.1.3 Nichtfunktionale Anforderungen}{section.3.1}% 15
\BOOKMARK [1][-]{section.3.2}{3.2 Technologie}{chapter.3}% 16
\BOOKMARK [2][-]{subsection.3.2.1}{3.2.1 \334bersicht}{section.3.2}% 17
\BOOKMARK [2][-]{subsection.3.2.2}{3.2.2 Auswahl}{section.3.2}% 18
\BOOKMARK [1][-]{section.3.3}{3.3 Analyse und Design}{chapter.3}% 19
\BOOKMARK [1][-]{section.3.4}{3.4 Architektur}{chapter.3}% 20
\BOOKMARK [0][-]{chapter.4}{4 Implementation}{}% 21
\BOOKMARK [1][-]{section.4.1}{4.1 Besondere Herausforderungen}{chapter.4}% 22
\BOOKMARK [0][-]{chapter.5}{5 Anwendung der Middleware}{}% 23
\BOOKMARK [1][-]{section.5.1}{5.1 Validierung der Anwendungsf\344lle}{chapter.5}% 24
\BOOKMARK [1][-]{section.5.2}{5.2 St\344rken und Schw\344chen der Implementierung}{chapter.5}% 25
\BOOKMARK [0][-]{chapter.6}{6 Fazit}{}% 26
\BOOKMARK [1][-]{section.6.1}{6.1 Entwicklungsstand}{chapter.6}% 27
\BOOKMARK [1][-]{section.6.2}{6.2 Ausblick auf zuk\374nftige Entwicklungen}{chapter.6}% 28
\BOOKMARK [0][-]{chapter*.7}{Abk\374rzungsverzeichnis}{}% 29
